[debug] [2026-07-09T07:27:25.019Z] ----------------------------------------------------------------------
[debug] [2026-07-09T07:27:25.024Z] Command:       C:\Program Files\nodejs\node.exe C:\Users\AKASH SINGH\AppData\Roaming\npm\node_modules\firebase-tools\lib\bin\firebase.js use --add
[debug] [2026-07-09T07:27:25.024Z] CLI Version:   15.15.0
[debug] [2026-07-09T07:27:25.025Z] Platform:      win32
[debug] [2026-07-09T07:27:25.025Z] Node Version:  v24.15.0
[debug] [2026-07-09T07:27:25.025Z] Time:          Thu Jul 09 2026 12:57:25 GMT+0530 (India Standard Time)
[debug] [2026-07-09T07:27:25.025Z] ----------------------------------------------------------------------
[debug] 
[debug] [2026-07-09T07:27:25.030Z] >>> [apiv2][query] GET https://firebase-public.firebaseio.com/cli.json [none]
[debug] [2026-07-09T07:27:25.270Z] > command requires scopes: ["email","openid","https://www.googleapis.com/auth/cloudplatformprojects.readonly","https://www.googleapis.com/auth/firebase","https://www.googleapis.com/auth/cloud-platform"]
[debug] [2026-07-09T07:27:25.270Z] > authorizing via signed-in user (akashsingh404x@gmail.com)
[debug] [2026-07-09T07:27:25.272Z] Checked if tokens are valid: false, expires at: 1780809375045
[debug] [2026-07-09T07:27:25.273Z] Checked if tokens are valid: false, expires at: 1780809375045
[debug] [2026-07-09T07:27:25.273Z] > refreshing access token with scopes: []
[debug] [2026-07-09T07:27:25.274Z] >>> [apiv2][query] POST https://www.googleapis.com/oauth2/v3/token [none]
[debug] [2026-07-09T07:27:25.274Z] >>> [apiv2][body] POST https://www.googleapis.com/oauth2/v3/token [omitted]
[debug] [2026-07-09T07:27:25.817Z] <<< [apiv2][status] POST https://www.googleapis.com/oauth2/v3/token 200
[debug] [2026-07-09T07:27:25.817Z] <<< [apiv2][body] POST https://www.googleapis.com/oauth2/v3/token [omitted]
[debug] [2026-07-09T07:27:25.832Z] >>> [apiv2][query] GET https://firebase.googleapis.com/v1beta1/projects pageSize=1000
[debug] [2026-07-09T07:27:26.214Z] <<< [apiv2][status] GET https://firebase-public.firebaseio.com/cli.json 200
[debug] [2026-07-09T07:27:26.215Z] <<< [apiv2][body] GET https://firebase-public.firebaseio.com/cli.json {"cloudBuildErrorAfter":1594252800000,"cloudBuildWarnAfter":1590019200000,"defaultNode10After":1594252800000,"minVersion":"3.0.5","node8DeploysDisabledAfter":1613390400000,"node8RuntimeDisabledAfter":1615809600000,"node8WarnAfter":1600128000000}
[debug] [2026-07-09T07:27:26.939Z] <<< [apiv2][status] GET https://firebase.googleapis.com/v1beta1/projects 200
[debug] [2026-07-09T07:27:26.939Z] <<< [apiv2][body] GET https://firebase.googleapis.com/v1beta1/projects [omitted]
[debug] [2026-07-09T07:27:58.883Z] ExitPromptError: User force closed the prompt with SIGINT
    at Interface.sigint (C:\Users\AKASH SINGH\AppData\Roaming\npm\node_modules\firebase-tools\node_modules\@inquirer\core\dist\commonjs\lib\create-prompt.js:101:37)
    at Interface.emit (node:events:509:28)
    at [_ttyWrite] [as _ttyWrite] (node:internal/readline/interface:1327:18)
    at ReadStream.onkeypress (node:internal/readline/interface:284:20)
    at ReadStream.emit (node:events:521:24)
    at emitKeys (node:internal/readline/utils:371:14)
    at emitKeys.next (<anonymous>)
    at ReadStream.onData (node:internal/readline/emitKeypressEvents:64:36)
    at ReadStream.emit (node:events:509:28)
    at addChunk (node:internal/streams/readable:563:12)
[error] 
[error] Error: An unexpected error has occurred.
